<?xml version="1.0" encoding="UTF-8" ?>
<testsuite tests="22" failures="0" name="pivotsecurity.rest.client.RestClientTest" time="0.137" errors="0" skipped="0">
  <properties>
[...]
</properties>
  <testcase classname="pivotsecurity.rest.client.RestClientTest" name="mustHandleAllHttpMethods" time="0.03"/>
  <testcase classname="pivotsecurity.rest.client.RestClientTest" name="mustBeConstructedWithAValidHttpClient" time="0"/>
  <testcase classname="pivotsecurity.rest.client.RestClientTest" name="mustExposeTheBaseUri" time="0.003"/>
  <testcase classname="pivotsecurity.rest.client.RestClientTest" name="shoudlFailConstructionWithAnInvalidHttpClient" time="0.001"/>
  <testcase classname="pivotsecurity.rest.client.RestClientTest" name="mustNotExecuteAnInvalidRequest" time="0.001"/>
  <testcase classname="pivotsecurity.rest.client.RestClientTest" name="mustNotExecuteANullRestRequest" time="0.002"/>
  <testcase classname="pivotsecurity.rest.client.RestClientTest" name="mustNotifyCallerIfHttpCallFailsDueToAnIoFailure" time="0.038"/>
  <testcase classname="pivotsecurity.rest.client.RestClientTest" name="mustNotifyCallerIfHttpCallFailsDueToAProtocolFailure" time="0.001"/>
  <testcase classname="pivotsecurity.rest.client.RestClientTest" name="responseShouldContainTheResultCodeOfASuccessfullHttpCall" time="0.001"/>
  <testcase classname="pivotsecurity.rest.client.RestClientTest" name="shouldNotifyCallerThatNullHostAddressesAreNotHandled" time="0.001"/>
  <testcase classname="pivotsecurity.rest.client.RestClientTest" name="shouldNotifyCallerThatInvalidResourceUriAreNotHandled" time="0.001"/>
  <testcase classname="pivotsecurity.rest.client.RestClientTest" name="shouldCreateHttpMethodsToMatchTheMethodInTheRestRequest" time="0.001"/>
  <testcase classname="pivotsecurity.rest.client.RestClientTest" name="shouldNotifyCallerThatMethodMatchingTheOneInTheRestRequestCannotBeFound" time="0.001"/>
  <testcase classname="pivotsecurity.rest.client.RestClientTest" name="shouldNotifyCallerThatMethodMatchingTheOneInTheRestRequestCannotBeInstantiated" time="0.001"/>
  <testcase classname="pivotsecurity.rest.client.RestClientTest" name="shouldNotifyCallerThatMethodMatchingTheOneInTheRestRequestFailsWhenInstantiating" time="0.002"/>
  <testcase classname="pivotsecurity.rest.client.RestClientTest" name="shouldCreateMultipartEntityIfRestRequestHasNonNullMultipartFileName" time="0.04"/>
  <testcase classname="pivotsecurity.rest.client.RestClientTest" name="shouldCreateMultipartEntityIfRestRequestHasNonEmptyMultiparts" time="0.006"/>
  <testcase classname="pivotsecurity.rest.client.RestClientTest" name="shouldCreateMultipartEntityIfRestRequestHasNonNullMultipartFileNames" time="0.001"/>
  <testcase classname="pivotsecurity.rest.client.RestClientTest" name="shouldCreateMultipartEntityIfRestRequestHasNonNullTwoMultipartFileNames" time="0"/>
  <testcase classname="pivotsecurity.rest.client.RestClientTest" name="shouldThrowExceptionIfMultipartFileNameDoesNotExist" time="0.001"/>
  <testcase classname="pivotsecurity.rest.client.RestClientTest" name="shouldCreateFileRequestEntityIfRestRequestHasNonNullFileName" time="0.004"/>
  <testcase classname="pivotsecurity.rest.client.RestClientTest" name="shouldThrowExeptionIfFileNameDoesNotExist" time="0.001"/>
</testsuite>